C:\USERS\RUI BARROS\DOCUMENTS\TRABALHOSGRAI\TRABALHOSGRAI\DEBUG\CAMERA.OBJ
C:\USERS\RUI BARROS\DOCUMENTS\TRABALHOSGRAI\TRABALHOSGRAI\DEBUG\COLISAO.OBJ
C:\USERS\RUI BARROS\DOCUMENTS\TRABALHOSGRAI\TRABALHOSGRAI\DEBUG\GLOBALS.OBJ
C:\USERS\RUI BARROS\DOCUMENTS\TRABALHOSGRAI\TRABALHOSGRAI\DEBUG\ILLUMINATION.OBJ
C:\USERS\RUI BARROS\DOCUMENTS\TRABALHOSGRAI\TRABALHOSGRAI\DEBUG\INIT.OBJ
C:\USERS\RUI BARROS\DOCUMENTS\TRABALHOSGRAI\TRABALHOSGRAI\DEBUG\KEY.OBJ
C:\USERS\RUI BARROS\DOCUMENTS\TRABALHOSGRAI\TRABALHOSGRAI\DEBUG\MAPA.OBJ
C:\USERS\RUI BARROS\DOCUMENTS\TRABALHOSGRAI\TRABALHOSGRAI\DEBUG\MATH.OBJ
C:\USERS\RUI BARROS\DOCUMENTS\TRABALHOSGRAI\TRABALHOSGRAI\DEBUG\MDLVIEWER.OBJ
C:\USERS\RUI BARROS\DOCUMENTS\TRABALHOSGRAI\TRABALHOSGRAI\DEBUG\MODEL.OBJ
C:\USERS\RUI BARROS\DOCUMENTS\TRABALHOSGRAI\TRABALHOSGRAI\DEBUG\MOUSE.OBJ
C:\USERS\RUI BARROS\DOCUMENTS\TRABALHOSGRAI\TRABALHOSGRAI\DEBUG\TEXTURAS.OBJ
C:\USERS\RUI BARROS\DOCUMENTS\TRABALHOSGRAI\TRABALHOSGRAI\DEBUG\TIMER.OBJ
C:\USERS\RUI BARROS\DOCUMENTS\TRABALHOSGRAI\TRABALHOSGRAI\DEBUG\STUDIO_RENDER.OBJ
C:\USERS\RUI BARROS\DOCUMENTS\TRABALHOSGRAI\TRABALHOSGRAI\DEBUG\STUDIO_UTILS.OBJ
C:\USERS\RUI BARROS\DOCUMENTS\TRABALHOSGRAI\TRABALHOSGRAI\DEBUG\WINDOW.OBJ
C:\USERS\RUI BARROS\DOCUMENTS\TRABALHOSGRAI\TRABALHOSGRAI\DEBUG\VC110.PDB
C:\Users\Rui Barros\Documents\TrabalhoSGRAI\TrabalhoSGRAI\Debug\Camera.obj
C:\Users\Rui Barros\Documents\TrabalhoSGRAI\TrabalhoSGRAI\Debug\Colisao.obj
C:\Users\Rui Barros\Documents\TrabalhoSGRAI\TrabalhoSGRAI\Debug\Globals.obj
C:\Users\Rui Barros\Documents\TrabalhoSGRAI\TrabalhoSGRAI\Debug\Illumination.obj
C:\Users\Rui Barros\Documents\TrabalhoSGRAI\TrabalhoSGRAI\Debug\Init.obj
C:\Users\Rui Barros\Documents\TrabalhoSGRAI\TrabalhoSGRAI\Debug\Key.obj
C:\Users\Rui Barros\Documents\TrabalhoSGRAI\TrabalhoSGRAI\Debug\Mapa.obj
C:\Users\Rui Barros\Documents\TrabalhoSGRAI\TrabalhoSGRAI\Debug\math.obj
C:\Users\Rui Barros\Documents\TrabalhoSGRAI\TrabalhoSGRAI\Debug\mdlviewer.obj
C:\Users\Rui Barros\Documents\TrabalhoSGRAI\TrabalhoSGRAI\Debug\Model.obj
C:\Users\Rui Barros\Documents\TrabalhoSGRAI\TrabalhoSGRAI\Debug\Mouse.obj
C:\Users\Rui Barros\Documents\TrabalhoSGRAI\TrabalhoSGRAI\Debug\studio_render.obj
C:\Users\Rui Barros\Documents\TrabalhoSGRAI\TrabalhoSGRAI\Debug\studio_utils.obj
C:\Users\Rui Barros\Documents\TrabalhoSGRAI\TrabalhoSGRAI\Debug\Texturas.obj
C:\Users\Rui Barros\Documents\TrabalhoSGRAI\TrabalhoSGRAI\Debug\Timer.obj
C:\Users\Rui Barros\Documents\TrabalhoSGRAI\TrabalhoSGRAI\Debug\Window.obj
C:\Users\Rui Barros\Documents\TrabalhoSGRAI\TrabalhoSGRAI\Debug\cl.command.1.tlog
C:\Users\Rui Barros\Documents\TrabalhoSGRAI\TrabalhoSGRAI\Debug\CL.read.1.tlog
C:\Users\Rui Barros\Documents\TrabalhoSGRAI\TrabalhoSGRAI\Debug\CL.write.1.tlog
C:\Users\Rui Barros\Documents\TrabalhoSGRAI\TrabalhoSGRAI\Debug\vc110.idb
C:\Users\Rui Barros\Documents\TrabalhoSGRAI\TrabalhoSGRAI\Debug\vc110.pdb
