Build started 12/4/2013 11:54:30 AM.
     1>Project "X:\SGRAI\TrabalhoSGRAI\TrabalhoSGRAI\TrabalhoSGRAI.vcxproj" on node 2 (Build target(s)).
     1>ClCompile:
         C:\Program Files\Microsoft Visual Studio 11.0\VC\bin\CL.exe /c /ZI /nologo /W3 /WX- /sdl /Od /Oy- /D _CRT_SECURE_NO_WARNINGS /Gm /EHsc /RTC1 /MTd /GS /fp:precise /Zc:wchar_t /Zc:forScope /Fo"Debug\\" /Fd"Debug\vc110.pdb" /Gd /TP /analyze- /errorReport:prompt Source.cpp
         Source.cpp
     1>x:\sgrai\trabalhosgrai\trabalhosgrai\modelo.h(22): warning C4091: 'typedef ' : ignored on left of 'MODELO' when no variable is declared
     1>x:\sgrai\trabalhosgrai\trabalhosgrai\source.cpp(113): warning C4244: '=' : conversion from 'double' to 'GLint', possible loss of data
     1>x:\sgrai\trabalhosgrai\trabalhosgrai\source.cpp(197): warning C4305: 'argument' : truncation from 'double' to 'GLfloat'
     1>x:\sgrai\trabalhosgrai\trabalhosgrai\source.cpp(198): warning C4305: 'argument' : truncation from 'double' to 'GLfloat'
     1>x:\sgrai\trabalhosgrai\trabalhosgrai\source.cpp(199): warning C4244: 'argument' : conversion from 'double' to 'GLfloat', possible loss of data
     1>x:\sgrai\trabalhosgrai\trabalhosgrai\source.cpp(203): warning C4244: 'argument' : conversion from 'double' to 'GLfloat', possible loss of data
     1>x:\sgrai\trabalhosgrai\trabalhosgrai\source.cpp(204): warning C4244: 'argument' : conversion from 'double' to 'GLfloat', possible loss of data
     1>x:\sgrai\trabalhosgrai\trabalhosgrai\source.cpp(218): warning C4305: 'argument' : truncation from 'double' to 'GLfloat'
     1>x:\sgrai\trabalhosgrai\trabalhosgrai\source.cpp(219): warning C4244: 'argument' : conversion from 'double' to 'GLfloat', possible loss of data
     1>x:\sgrai\trabalhosgrai\trabalhosgrai\source.cpp(275): warning C4244: '=' : conversion from 'double' to 'GLfloat', possible loss of data
     1>x:\sgrai\trabalhosgrai\trabalhosgrai\source.cpp(278): warning C4244: '=' : conversion from 'double' to 'GLfloat', possible loss of data
     1>x:\sgrai\trabalhosgrai\trabalhosgrai\source.cpp(307): warning C4244: 'argument' : conversion from 'double' to 'GLfloat', possible loss of data
     1>x:\sgrai\trabalhosgrai\trabalhosgrai\source.cpp(309): warning C4305: 'argument' : truncation from 'double' to 'GLfloat'
     1>x:\sgrai\trabalhosgrai\trabalhosgrai\source.cpp(342): warning C4244: 'argument' : conversion from 'double' to 'GLfloat', possible loss of data
     1>x:\sgrai\trabalhosgrai\trabalhosgrai\source.cpp(344): warning C4305: 'argument' : truncation from 'double' to 'GLfloat'
     1>x:\sgrai\trabalhosgrai\trabalhosgrai\source.cpp(379): warning C4244: 'initializing' : conversion from 'double' to 'float', possible loss of data
     1>x:\sgrai\trabalhosgrai\trabalhosgrai\source.cpp(639): warning C4305: '=' : truncation from 'double' to 'GLfloat'
     1>x:\sgrai\trabalhosgrai\trabalhosgrai\source.cpp(650): warning C4305: '=' : truncation from 'double' to 'GLfloat'
       Link:
         C:\Program Files\Microsoft Visual Studio 11.0\VC\bin\link.exe /ERRORREPORT:PROMPT /OUT:"X:\SGRAI\TrabalhoSGRAI\Debug\TrabalhoSGRAI.exe" /INCREMENTAL /NOLOGO kernel32.lib user32.lib gdi32.lib winspool.lib comdlg32.lib advapi32.lib shell32.lib ole32.lib oleaut32.lib uuid.lib odbc32.lib odbccp32.lib /MANIFEST /MANIFESTUAC:"level='asInvoker' uiAccess='false'" /manifest:embed /DEBUG /PDB:"X:\SGRAI\TrabalhoSGRAI\Debug\TrabalhoSGRAI.pdb" /TLBID:1 /DYNAMICBASE /NXCOMPAT /IMPLIB:"X:\SGRAI\TrabalhoSGRAI\Debug\TrabalhoSGRAI.lib" /MACHINE:X86 Debug\math.obj
         Debug\mdlviewer.obj
         Debug\readjpeg.obj
         Debug\Source.obj
         Debug\studio_render.obj
         Debug\studio_utils.obj
         GlAux.Lib
         libjpeg.lib
         TrabalhoSGRAI.vcxproj -> X:\SGRAI\TrabalhoSGRAI\Debug\TrabalhoSGRAI.exe
     1>Done Building Project "X:\SGRAI\TrabalhoSGRAI\TrabalhoSGRAI\TrabalhoSGRAI.vcxproj" (Build target(s)).

Build succeeded.

Time Elapsed 00:00:06.96
